<?xml version='1.0' encoding='UTF-8'?>
<testsuite hostname="oper1191" name="com.lightbend.training.scalatrain.TimeSpec" tests="7" errors="0" failures="0" skipped="0" time="0.09" timestamp="2020-10-27T12:52:22">
                     <properties>
[...]
</properties>
                     <testcase classname="com.lightbend.training.scalatrain.TimeSpec" name="Creating a Time should throw an IllegalArgumentException for hours not within 0 and 23" time="0.068">
                                                 
                                               </testcase><testcase classname="com.lightbend.training.scalatrain.TimeSpec" name="Creating a Time should throw an IllegalArgumentException for minutes not within 0 and 59" time="0.001">
                                                 
                                               </testcase><testcase classname="com.lightbend.training.scalatrain.TimeSpec" name="The default arguments for hours and minutes should be equal to 0" time="0.015">
                                                 
                                               </testcase><testcase classname="com.lightbend.training.scalatrain.TimeSpec" name="asMinutes should be initialized correctly" time="0.001">
                                                 
                                               </testcase><testcase classname="com.lightbend.training.scalatrain.TimeSpec" name="Calling minus or - should return the correct difference in minutes" time="0.001">
                                                 
                                               </testcase><testcase classname="com.lightbend.training.scalatrain.TimeSpec" name="Calling toString should return a properly formatted string representation" time="0.003">
                                                 
                                               </testcase><testcase classname="com.lightbend.training.scalatrain.TimeSpec" name="Calling Ordered operators should work as expected" time="0.001">
                                                 
                                               </testcase>
                     <system-out><![CDATA[]]></system-out>
                     <system-err><![CDATA[]]></system-err>
                   </testsuite>